{
"contracts/BaseToken.sol":{"l":{"19":12,"20":12,"24":1,"28":1,"32":1,"37":7,"47":26,"48":26,"49":26,"50":26,"55":14,"56":14,"57":14,"68":16,"72":14,"73":14,"74":14,"75":14,"76":14,"81":1,"82":1,"83":1},"path":"/home/runner/work/311551044-bdaf-lab4/311551044-bdaf-lab4/contracts/BaseToken.sol","s":{"1":1,"2":1,"3":1,"4":26,"5":26,"6":14,"7":14,"8":16,"9":14,"10":14,"11":1},"b":{"1":[7,1],"2":[14,2]},"f":{"1":12,"2":1,"3":1,"4":1,"5":7,"6":26,"7":14,"8":16,"9":1},"fnMap":{"1":{"name":"constructor","line":18,"loc":{"start":{"line":18,"column":4},"end":{"line":21,"column":4}}},"2":{"name":"name","line":23,"loc":{"start":{"line":23,"column":4},"end":{"line":25,"column":4}}},"3":{"name":"symbol","line":27,"loc":{"start":{"line":27,"column":4},"end":{"line":29,"column":4}}},"4":{"name":"decimals","line":31,"loc":{"start":{"line":31,"column":4},"end":{"line":33,"column":4}}},"5":{"name":"addBlacklist","line":36,"loc":{"start":{"line":36,"column":4},"end":{"line":38,"column":4}}},"6":{"name":"transfer","line":43,"loc":{"start":{"line":43,"column":4},"end":{"line":51,"column":4}}},"7":{"name":"approve","line":54,"loc":{"start":{"line":54,"column":4},"end":{"line":58,"column":4}}},"8":{"name":"transferFrom","line":63,"loc":{"start":{"line":63,"column":4},"end":{"line":77,"column":4}}},"9":{"name":"mint","line":80,"loc":{"start":{"line":80,"column":4},"end":{"line":84,"column":4}}}},"statementMap":{"1":{"start":{"line":24,"column":8},"end":{"line":24,"column":21}},"2":{"start":{"line":28,"column":8},"end":{"line":28,"column":21}},"3":{"start":{"line":32,"column":8},"end":{"line":32,"column":17}},"4":{"start":{"line":49,"column":8},"end":{"line":49,"column":52}},"5":{"start":{"line":50,"column":8},"end":{"line":50,"column":36}},"6":{"start":{"line":56,"column":8},"end":{"line":56,"column":50}},"7":{"start":{"line":57,"column":8},"end":{"line":57,"column":19}},"8":{"start":{"line":68,"column":8},"end":{"line":68,"column":2144}},"9":{"start":{"line":75,"column":8},"end":{"line":75,"column":48}},"10":{"start":{"line":76,"column":8},"end":{"line":76,"column":58}},"11":{"start":{"line":83,"column":8},"end":{"line":83,"column":53}}},"branchMap":{"1":{"line":36,"type":"if","locations":[{"start":{"line":36,"column":55},"end":{"line":36,"column":55}},{"start":{"line":36,"column":55},"end":{"line":36,"column":55}}]},"2":{"line":68,"type":"if","locations":[{"start":{"line":68,"column":8},"end":{"line":68,"column":8}},{"start":{"line":68,"column":8},"end":{"line":68,"column":8}}]}}},
"contracts/Safe.sol":{"l":{"18":14,"19":12,"23":41,"32":7,"38":5,"41":5,"50":5,"53":4,"54":4,"57":4,"60":4,"63":4,"66":3,"74":2,"79":1,"84":3,"87":2,"90":2,"93":1,"96":1},"path":"/home/runner/work/311551044-bdaf-lab4/311551044-bdaf-lab4/contracts/Safe.sol","s":{"1":14,"2":41,"3":7,"4":5,"5":5,"6":4,"7":4,"8":4,"9":3,"10":2,"11":1,"12":3,"13":2,"14":2,"15":1},"b":{"1":[12,2],"2":[7,1],"3":[5,2],"4":[5,1],"5":[4,1],"6":[3,1],"7":[1,1],"8":[3,1],"9":[2,1],"10":[1,1]},"f":{"1":14,"2":41,"3":7,"4":5,"5":2,"6":1,"7":3},"fnMap":{"1":{"name":"nonZeroAmount","line":17,"loc":{"start":{"line":17,"column":4},"end":{"line":20,"column":4}}},"2":{"name":"constructor","line":22,"loc":{"start":{"line":22,"column":4},"end":{"line":24,"column":4}}},"3":{"name":"deposit","line":30,"loc":{"start":{"line":27,"column":4},"end":{"line":42,"column":4}}},"4":{"name":"withdraw","line":49,"loc":{"start":{"line":46,"column":4},"end":{"line":67,"column":4}}},"5":{"name":"getBalance","line":70,"loc":{"start":{"line":70,"column":4},"end":{"line":75,"column":4}}},"6":{"name":"getFee","line":78,"loc":{"start":{"line":78,"column":4},"end":{"line":80,"column":4}}},"7":{"name":"takeFee","line":83,"loc":{"start":{"line":83,"column":4},"end":{"line":97,"column":4}}}},"statementMap":{"1":{"start":{"line":18,"column":8},"end":{"line":18,"column":61}},"2":{"start":{"line":23,"column":8},"end":{"line":23,"column":31}},"3":{"start":{"line":32,"column":8},"end":{"line":32,"column":1040}},"4":{"start":{"line":41,"column":8},"end":{"line":41,"column":49}},"5":{"start":{"line":50,"column":8},"end":{"line":50,"column":78}},"6":{"start":{"line":53,"column":8},"end":{"line":53,"column":35}},"7":{"start":{"line":54,"column":8},"end":{"line":54,"column":34}},"8":{"start":{"line":63,"column":8},"end":{"line":63,"column":74}},"9":{"start":{"line":66,"column":8},"end":{"line":66,"column":52}},"10":{"start":{"line":74,"column":8},"end":{"line":74,"column":40}},"11":{"start":{"line":79,"column":8},"end":{"line":79,"column":27}},"12":{"start":{"line":84,"column":8},"end":{"line":84,"column":51}},"13":{"start":{"line":87,"column":8},"end":{"line":87,"column":34}},"14":{"start":{"line":90,"column":8},"end":{"line":90,"column":71}},"15":{"start":{"line":96,"column":8},"end":{"line":96,"column":42}}},"branchMap":{"1":{"line":18,"type":"if","locations":[{"start":{"line":18,"column":8},"end":{"line":18,"column":8}},{"start":{"line":18,"column":8},"end":{"line":18,"column":8}}]},"2":{"line":30,"type":"if","locations":[{"start":{"line":30,"column":15},"end":{"line":30,"column":15}},{"start":{"line":30,"column":15},"end":{"line":30,"column":15}}]},"3":{"line":32,"type":"if","locations":[{"start":{"line":32,"column":8},"end":{"line":32,"column":8}},{"start":{"line":32,"column":8},"end":{"line":32,"column":8}}]},"4":{"line":49,"type":"if","locations":[{"start":{"line":49,"column":15},"end":{"line":49,"column":15}},{"start":{"line":49,"column":15},"end":{"line":49,"column":15}}]},"5":{"line":50,"type":"if","locations":[{"start":{"line":50,"column":8},"end":{"line":50,"column":8}},{"start":{"line":50,"column":8},"end":{"line":50,"column":8}}]},"6":{"line":63,"type":"if","locations":[{"start":{"line":63,"column":8},"end":{"line":63,"column":8}},{"start":{"line":63,"column":8},"end":{"line":63,"column":8}}]},"7":{"line":78,"type":"if","locations":[{"start":{"line":78,"column":49},"end":{"line":78,"column":49}},{"start":{"line":78,"column":49},"end":{"line":78,"column":49}}]},"8":{"line":83,"type":"if","locations":[{"start":{"line":83,"column":43},"end":{"line":83,"column":43}},{"start":{"line":83,"column":43},"end":{"line":83,"column":43}}]},"9":{"line":84,"type":"if","locations":[{"start":{"line":84,"column":8},"end":{"line":84,"column":8}},{"start":{"line":84,"column":8},"end":{"line":84,"column":8}}]},"10":{"line":90,"type":"if","locations":[{"start":{"line":90,"column":8},"end":{"line":90,"column":8}},{"start":{"line":90,"column":8},"end":{"line":90,"column":8}}]}}},
"contracts/SafeFactory.sol":{"l":{"18":4,"19":3,"23":3,"24":3,"29":3,"30":3,"36":3,"39":3,"45":3,"48":3,"50":2,"56":2,"57":2,"62":1},"path":"/home/runner/work/311551044-bdaf-lab4/311551044-bdaf-lab4/contracts/SafeFactory.sol","s":{"1":4,"2":3,"3":3,"4":3,"5":3,"6":3,"7":2,"8":2,"9":2,"10":1},"b":{"1":[3,1],"2":[3,1],"3":[2,1]},"f":{"1":4,"2":3,"3":3,"4":3,"5":2,"6":1},"fnMap":{"1":{"name":"onlyOwner","line":17,"loc":{"start":{"line":17,"column":4},"end":{"line":20,"column":4}}},"2":{"name":"constructor","line":22,"loc":{"start":{"line":22,"column":4},"end":{"line":25,"column":4}}},"3":{"name":"updateImplementation","line":28,"loc":{"start":{"line":28,"column":4},"end":{"line":31,"column":4}}},"4":{"name":"deploySafeProxy","line":34,"loc":{"start":{"line":34,"column":4},"end":{"line":51,"column":4}}},"5":{"name":"depolySafe","line":54,"loc":{"start":{"line":54,"column":4},"end":{"line":58,"column":4}}},"6":{"name":"getImpl","line":61,"loc":{"start":{"line":61,"column":4},"end":{"line":63,"column":4}}}},"statementMap":{"1":{"start":{"line":18,"column":8},"end":{"line":18,"column":72}},"2":{"start":{"line":30,"column":8},"end":{"line":30,"column":55}},"3":{"start":{"line":36,"column":8},"end":{"line":36,"column":67}},"4":{"start":{"line":39,"column":8},"end":{"line":39,"column":45}},"5":{"start":{"line":45,"column":8},"end":{"line":45,"column":1612}},"6":{"start":{"line":48,"column":8},"end":{"line":48,"column":53}},"7":{"start":{"line":50,"column":8},"end":{"line":50,"column":52}},"8":{"start":{"line":56,"column":8},"end":{"line":56,"column":41}},"9":{"start":{"line":57,"column":8},"end":{"line":57,"column":53}},"10":{"start":{"line":62,"column":8},"end":{"line":62,"column":29}}},"branchMap":{"1":{"line":18,"type":"if","locations":[{"start":{"line":18,"column":8},"end":{"line":18,"column":8}},{"start":{"line":18,"column":8},"end":{"line":18,"column":8}}]},"2":{"line":28,"type":"if","locations":[{"start":{"line":28,"column":60},"end":{"line":28,"column":60}},{"start":{"line":28,"column":60},"end":{"line":28,"column":60}}]},"3":{"line":48,"type":"if","locations":[{"start":{"line":48,"column":8},"end":{"line":48,"column":8}},{"start":{"line":48,"column":8},"end":{"line":48,"column":8}}]}}},
"contracts/SafeProxy.sol":{"l":{"12":2,"13":1,"17":9,"18":9,"23":9,"25":9,"32":6,"34":6,"41":1,"46":9,"48":9,"52":9,"57":10,"59":10,"63":10,"69":6,"96":6},"path":"/home/runner/work/311551044-bdaf-lab4/311551044-bdaf-lab4/contracts/SafeProxy.sol","s":{"1":2,"2":9,"3":9,"4":9,"5":6,"6":1,"7":9,"8":9,"9":10,"10":10,"11":6},"b":{"1":[1,1],"2":[1,1]},"f":{"1":2,"2":9,"3":9,"4":6,"5":1,"6":9,"7":10,"8":6,"9":6},"fnMap":{"1":{"name":"onlyOwner","line":11,"loc":{"start":{"line":11,"column":4},"end":{"line":14,"column":4}}},"2":{"name":"constructor","line":16,"loc":{"start":{"line":16,"column":4},"end":{"line":19,"column":4}}},"3":{"name":"getImpl","line":21,"loc":{"start":{"line":21,"column":4},"end":{"line":28,"column":4}}},"4":{"name":"getOwner","line":30,"loc":{"start":{"line":30,"column":4},"end":{"line":37,"column":4}}},"5":{"name":"updateImplementation","line":40,"loc":{"start":{"line":40,"column":4},"end":{"line":42,"column":4}}},"6":{"name":"_setOwner","line":44,"loc":{"start":{"line":44,"column":4},"end":{"line":53,"column":4}}},"7":{"name":"_setImpl","line":55,"loc":{"start":{"line":55,"column":4},"end":{"line":64,"column":4}}},"8":{"name":"_delegate","line":66,"loc":{"start":{"line":66,"column":4},"end":{"line":92,"column":4}}},"9":{"name":null,"line":95,"loc":{"start":{"line":95,"column":4},"end":{"line":97,"column":4}}}},"statementMap":{"1":{"start":{"line":12,"column":8},"end":{"line":12,"column":77}},"2":{"start":{"line":17,"column":8},"end":{"line":17,"column":23}},"3":{"start":{"line":18,"column":8},"end":{"line":18,"column":21}},"4":{"start":{"line":23,"column":8},"end":{"line":23,"column":34}},"5":{"start":{"line":32,"column":8},"end":{"line":32,"column":35}},"6":{"start":{"line":41,"column":8},"end":{"line":41,"column":24}},"7":{"start":{"line":46,"column":8},"end":{"line":46,"column":35}},"8":{"start":{"line":52,"column":8},"end":{"line":52,"column":35}},"9":{"start":{"line":57,"column":8},"end":{"line":57,"column":34}},"10":{"start":{"line":63,"column":8},"end":{"line":63,"column":33}},"11":{"start":{"line":96,"column":8},"end":{"line":96,"column":27}}},"branchMap":{"1":{"line":12,"type":"if","locations":[{"start":{"line":12,"column":8},"end":{"line":12,"column":8}},{"start":{"line":12,"column":8},"end":{"line":12,"column":8}}]},"2":{"line":40,"type":"if","locations":[{"start":{"line":40,"column":60},"end":{"line":40,"column":60}},{"start":{"line":40,"column":60},"end":{"line":40,"column":60}}]}}},
"contracts/SafeUpgradeable.sol":{"l":{"22":6,"23":4,"27":31,"28":25,"32":15,"33":13,"38":20,"39":19,"40":19,"41":19,"50":8,"56":6,"59":6,"67":5,"70":4,"71":4,"74":4,"77":4,"80":4,"83":3,"91":3,"98":1,"103":3,"106":2,"109":2,"112":1,"115":1,"120":1},"path":"/home/runner/work/311551044-bdaf-lab4/311551044-bdaf-lab4/contracts/SafeUpgradeable.sol","s":{"1":6,"2":31,"3":15,"4":20,"5":19,"6":8,"7":6,"8":5,"9":4,"10":4,"11":4,"12":3,"13":3,"14":1,"15":3,"16":2,"17":2,"18":1,"19":1},"b":{"1":[4,2],"2":[25,6],"3":[13,2],"4":[19,1],"5":[9,1],"6":[8,1],"7":[6,2],"8":[6,1],"9":[5,1],"10":[4,1],"11":[3,1],"12":[3,1],"13":[2,1],"14":[1,1],"15":[4,1],"16":[3,1],"17":[2,1],"18":[1,1],"19":[1,1]},"f":{"1":6,"2":31,"3":15,"4":20,"5":8,"6":5,"7":3,"8":1,"9":3,"10":1},"fnMap":{"1":{"name":"onlyOwner","line":21,"loc":{"start":{"line":21,"column":4},"end":{"line":24,"column":4}}},"2":{"name":"afterInitialized","line":26,"loc":{"start":{"line":26,"column":4},"end":{"line":29,"column":4}}},"3":{"name":"nonZeroAmount","line":31,"loc":{"start":{"line":31,"column":4},"end":{"line":34,"column":4}}},"4":{"name":"initialize","line":37,"loc":{"start":{"line":37,"column":4},"end":{"line":42,"column":4}}},"5":{"name":"deposit","line":48,"loc":{"start":{"line":45,"column":4},"end":{"line":60,"column":4}}},"6":{"name":"withdraw","line":66,"loc":{"start":{"line":63,"column":4},"end":{"line":84,"column":4}}},"7":{"name":"getBalance","line":90,"loc":{"start":{"line":87,"column":4},"end":{"line":92,"column":4}}},"8":{"name":"getFee","line":97,"loc":{"start":{"line":95,"column":4},"end":{"line":99,"column":4}}},"9":{"name":"takeFee","line":102,"loc":{"start":{"line":102,"column":4},"end":{"line":116,"column":4}}},"10":{"name":"getOwner","line":119,"loc":{"start":{"line":119,"column":4},"end":{"line":121,"column":4}}}},"statementMap":{"1":{"start":{"line":22,"column":8},"end":{"line":22,"column":72}},"2":{"start":{"line":27,"column":8},"end":{"line":27,"column":60}},"3":{"start":{"line":32,"column":8},"end":{"line":32,"column":61}},"4":{"start":{"line":38,"column":8},"end":{"line":38,"column":65}},"5":{"start":{"line":41,"column":8},"end":{"line":41,"column":32}},"6":{"start":{"line":50,"column":8},"end":{"line":50,"column":1619}},"7":{"start":{"line":59,"column":8},"end":{"line":59,"column":49}},"8":{"start":{"line":67,"column":8},"end":{"line":67,"column":78}},"9":{"start":{"line":70,"column":8},"end":{"line":70,"column":35}},"10":{"start":{"line":71,"column":8},"end":{"line":71,"column":34}},"11":{"start":{"line":80,"column":8},"end":{"line":80,"column":74}},"12":{"start":{"line":83,"column":8},"end":{"line":83,"column":52}},"13":{"start":{"line":91,"column":8},"end":{"line":91,"column":40}},"14":{"start":{"line":98,"column":8},"end":{"line":98,"column":27}},"15":{"start":{"line":103,"column":8},"end":{"line":103,"column":51}},"16":{"start":{"line":106,"column":8},"end":{"line":106,"column":34}},"17":{"start":{"line":109,"column":8},"end":{"line":109,"column":69}},"18":{"start":{"line":115,"column":8},"end":{"line":115,"column":40}},"19":{"start":{"line":120,"column":8},"end":{"line":120,"column":20}}},"branchMap":{"1":{"line":22,"type":"if","locations":[{"start":{"line":22,"column":8},"end":{"line":22,"column":8}},{"start":{"line":22,"column":8},"end":{"line":22,"column":8}}]},"2":{"line":27,"type":"if","locations":[{"start":{"line":27,"column":8},"end":{"line":27,"column":8}},{"start":{"line":27,"column":8},"end":{"line":27,"column":8}}]},"3":{"line":32,"type":"if","locations":[{"start":{"line":32,"column":8},"end":{"line":32,"column":8}},{"start":{"line":32,"column":8},"end":{"line":32,"column":8}}]},"4":{"line":38,"type":"if","locations":[{"start":{"line":38,"column":8},"end":{"line":38,"column":8}},{"start":{"line":38,"column":8},"end":{"line":38,"column":8}}]},"5":{"line":48,"type":"if","locations":[{"start":{"line":48,"column":15},"end":{"line":48,"column":15}},{"start":{"line":48,"column":15},"end":{"line":48,"column":15}}]},"6":{"line":48,"type":"if","locations":[{"start":{"line":48,"column":32},"end":{"line":48,"column":32}},{"start":{"line":48,"column":32},"end":{"line":48,"column":32}}]},"7":{"line":50,"type":"if","locations":[{"start":{"line":50,"column":8},"end":{"line":50,"column":8}},{"start":{"line":50,"column":8},"end":{"line":50,"column":8}}]},"8":{"line":66,"type":"if","locations":[{"start":{"line":66,"column":15},"end":{"line":66,"column":15}},{"start":{"line":66,"column":15},"end":{"line":66,"column":15}}]},"9":{"line":66,"type":"if","locations":[{"start":{"line":66,"column":32},"end":{"line":66,"column":32}},{"start":{"line":66,"column":32},"end":{"line":66,"column":32}}]},"10":{"line":67,"type":"if","locations":[{"start":{"line":67,"column":8},"end":{"line":67,"column":8}},{"start":{"line":67,"column":8},"end":{"line":67,"column":8}}]},"11":{"line":80,"type":"if","locations":[{"start":{"line":80,"column":8},"end":{"line":80,"column":8}},{"start":{"line":80,"column":8},"end":{"line":80,"column":8}}]},"12":{"line":90,"type":"if","locations":[{"start":{"line":90,"column":20},"end":{"line":90,"column":20}},{"start":{"line":90,"column":20},"end":{"line":90,"column":20}}]},"13":{"line":97,"type":"if","locations":[{"start":{"line":97,"column":20},"end":{"line":97,"column":20}},{"start":{"line":97,"column":20},"end":{"line":97,"column":20}}]},"14":{"line":97,"type":"if","locations":[{"start":{"line":97,"column":37},"end":{"line":97,"column":37}},{"start":{"line":97,"column":37},"end":{"line":97,"column":37}}]},"15":{"line":102,"type":"if","locations":[{"start":{"line":102,"column":43},"end":{"line":102,"column":43}},{"start":{"line":102,"column":43},"end":{"line":102,"column":43}}]},"16":{"line":102,"type":"if","locations":[{"start":{"line":102,"column":60},"end":{"line":102,"column":60}},{"start":{"line":102,"column":60},"end":{"line":102,"column":60}}]},"17":{"line":103,"type":"if","locations":[{"start":{"line":103,"column":8},"end":{"line":103,"column":8}},{"start":{"line":103,"column":8},"end":{"line":103,"column":8}}]},"18":{"line":109,"type":"if","locations":[{"start":{"line":109,"column":8},"end":{"line":109,"column":8}},{"start":{"line":109,"column":8},"end":{"line":109,"column":8}}]},"19":{"line":119,"type":"if","locations":[{"start":{"line":119,"column":38},"end":{"line":119,"column":38}},{"start":{"line":119,"column":38},"end":{"line":119,"column":38}}]}}}}
