TN:
SF:/home/runner/work/311551044-bdaf-lab4/311551044-bdaf-lab4/contracts/BaseToken.sol
FN:18,constructor
FN:23,name
FN:27,symbol
FN:31,decimals
FN:36,addBlacklist
FN:43,transfer
FN:54,approve
FN:63,transferFrom
FN:80,mint
FNF:9
FNH:9
FNDA:12,constructor
FNDA:1,name
FNDA:1,symbol
FNDA:1,decimals
FNDA:7,addBlacklist
FNDA:26,transfer
FNDA:14,approve
FNDA:16,transferFrom
FNDA:1,mint
DA:19,12
DA:20,12
DA:24,1
DA:28,1
DA:32,1
DA:37,7
DA:47,26
DA:48,26
DA:49,26
DA:50,26
DA:55,14
DA:56,14
DA:57,14
DA:68,16
DA:72,14
DA:73,14
DA:74,14
DA:75,14
DA:76,14
DA:81,1
DA:82,1
DA:83,1
LF:22
LH:22
BRDA:36,1,0,7
BRDA:36,1,1,1
BRDA:68,2,0,14
BRDA:68,2,1,2
BRF:4
BRH:4
end_of_record
TN:
SF:/home/runner/work/311551044-bdaf-lab4/311551044-bdaf-lab4/contracts/Safe.sol
FN:17,nonZeroAmount
FN:22,constructor
FN:30,deposit
FN:49,withdraw
FN:70,getBalance
FN:78,getFee
FN:83,takeFee
FNF:7
FNH:7
FNDA:14,nonZeroAmount
FNDA:41,constructor
FNDA:7,deposit
FNDA:5,withdraw
FNDA:2,getBalance
FNDA:1,getFee
FNDA:3,takeFee
DA:18,14
DA:19,12
DA:23,41
DA:32,7
DA:38,5
DA:41,5
DA:50,5
DA:53,4
DA:54,4
DA:57,4
DA:60,4
DA:63,4
DA:66,3
DA:74,2
DA:79,1
DA:84,3
DA:87,2
DA:90,2
DA:93,1
DA:96,1
LF:20
LH:20
BRDA:18,1,0,12
BRDA:18,1,1,2
BRDA:30,2,0,7
BRDA:30,2,1,1
BRDA:32,3,0,5
BRDA:32,3,1,2
BRDA:49,4,0,5
BRDA:49,4,1,1
BRDA:50,5,0,4
BRDA:50,5,1,1
BRDA:63,6,0,3
BRDA:63,6,1,1
BRDA:78,7,0,1
BRDA:78,7,1,1
BRDA:83,8,0,3
BRDA:83,8,1,1
BRDA:84,9,0,2
BRDA:84,9,1,1
BRDA:90,10,0,1
BRDA:90,10,1,1
BRF:20
BRH:20
end_of_record
TN:
SF:/home/runner/work/311551044-bdaf-lab4/311551044-bdaf-lab4/contracts/SafeFactory.sol
FN:17,onlyOwner
FN:22,constructor
FN:28,updateImplementation
FN:34,deploySafeProxy
FN:54,depolySafe
FN:61,getImpl
FNF:6
FNH:6
FNDA:4,onlyOwner
FNDA:3,constructor
FNDA:3,updateImplementation
FNDA:3,deploySafeProxy
FNDA:2,depolySafe
FNDA:1,getImpl
DA:18,4
DA:19,3
DA:23,3
DA:24,3
DA:29,3
DA:30,3
DA:36,3
DA:39,3
DA:45,3
DA:48,3
DA:50,2
DA:56,2
DA:57,2
DA:62,1
LF:14
LH:14
BRDA:18,1,0,3
BRDA:18,1,1,1
BRDA:28,2,0,3
BRDA:28,2,1,1
BRDA:48,3,0,2
BRDA:48,3,1,1
BRF:6
BRH:6
end_of_record
TN:
SF:/home/runner/work/311551044-bdaf-lab4/311551044-bdaf-lab4/contracts/SafeProxy.sol
FN:11,onlyOwner
FN:16,constructor
FN:21,getImpl
FN:30,getOwner
FN:40,updateImplementation
FN:44,_setOwner
FN:55,_setImpl
FN:66,_delegate
FN:95,
FNF:9
FNH:9
FNDA:2,onlyOwner
FNDA:9,constructor
FNDA:9,getImpl
FNDA:6,getOwner
FNDA:1,updateImplementation
FNDA:9,_setOwner
FNDA:10,_setImpl
FNDA:6,_delegate
FNDA:6,
DA:12,2
DA:13,1
DA:17,9
DA:18,9
DA:23,9
DA:25,9
DA:32,6
DA:34,6
DA:41,1
DA:46,9
DA:48,9
DA:52,9
DA:57,10
DA:59,10
DA:63,10
DA:69,6
DA:96,6
LF:17
LH:17
BRDA:12,1,0,1
BRDA:12,1,1,1
BRDA:40,2,0,1
BRDA:40,2,1,1
BRF:4
BRH:4
end_of_record
TN:
SF:/home/runner/work/311551044-bdaf-lab4/311551044-bdaf-lab4/contracts/SafeUpgradeable.sol
FN:21,onlyOwner
FN:26,afterInitialized
FN:31,nonZeroAmount
FN:37,initialize
FN:48,deposit
FN:66,withdraw
FN:90,getBalance
FN:97,getFee
FN:102,takeFee
FN:119,getOwner
FNF:10
FNH:10
FNDA:6,onlyOwner
FNDA:31,afterInitialized
FNDA:15,nonZeroAmount
FNDA:20,initialize
FNDA:8,deposit
FNDA:5,withdraw
FNDA:3,getBalance
FNDA:1,getFee
FNDA:3,takeFee
FNDA:1,getOwner
DA:22,6
DA:23,4
DA:27,31
DA:28,25
DA:32,15
DA:33,13
DA:38,20
DA:39,19
DA:40,19
DA:41,19
DA:50,8
DA:56,6
DA:59,6
DA:67,5
DA:70,4
DA:71,4
DA:74,4
DA:77,4
DA:80,4
DA:83,3
DA:91,3
DA:98,1
DA:103,3
DA:106,2
DA:109,2
DA:112,1
DA:115,1
DA:120,1
LF:28
LH:28
BRDA:22,1,0,4
BRDA:22,1,1,2
BRDA:27,2,0,25
BRDA:27,2,1,6
BRDA:32,3,0,13
BRDA:32,3,1,2
BRDA:38,4,0,19
BRDA:38,4,1,1
BRDA:48,5,0,9
BRDA:48,5,1,1
BRDA:48,6,0,8
BRDA:48,6,1,1
BRDA:50,7,0,6
BRDA:50,7,1,2
BRDA:66,8,0,6
BRDA:66,8,1,1
BRDA:66,9,0,5
BRDA:66,9,1,1
BRDA:67,10,0,4
BRDA:67,10,1,1
BRDA:80,11,0,3
BRDA:80,11,1,1
BRDA:90,12,0,3
BRDA:90,12,1,1
BRDA:97,13,0,2
BRDA:97,13,1,1
BRDA:97,14,0,1
BRDA:97,14,1,1
BRDA:102,15,0,4
BRDA:102,15,1,1
BRDA:102,16,0,3
BRDA:102,16,1,1
BRDA:103,17,0,2
BRDA:103,17,1,1
BRDA:109,18,0,1
BRDA:109,18,1,1
BRDA:119,19,0,1
BRDA:119,19,1,1
BRF:38
BRH:38
end_of_record
